  [1m[35m (44.6ms)[0m  [1m[35mCREATE TABLE "schema_migrations" ("version" varchar NOT NULL PRIMARY KEY) /*application='MiApi'*/[0m
  [1m[35m (2.1ms)[0m  [1m[35mCREATE TABLE "ar_internal_metadata" ("key" varchar NOT NULL PRIMARY KEY, "value" varchar, "created_at" datetime(6) NOT NULL, "updated_at" datetime(6) NOT NULL) /*application='MiApi'*/[0m
  [1m[36mActiveRecord::InternalMetadata Load (3.0ms)[0m  [1m[34mSELECT * FROM "ar_internal_metadata" WHERE "ar_internal_metadata"."key" = 'environment' ORDER BY "ar_internal_metadata"."key" ASC LIMIT 1 /*application='MiApi'*/[0m
  [1m[36mActiveRecord::InternalMetadata Create (24.8ms)[0m  [1m[32mINSERT INTO "ar_internal_metadata" ("key", "value", "created_at", "updated_at") VALUES ('environment', 'development', '2025-02-19 03:49:35.057753', '2025-02-19 03:49:35.057759') RETURNING "key" /*application='MiApi'*/[0m
  [1m[36mActiveRecord::SchemaMigration Load (0.5ms)[0m  [1m[34mSELECT "schema_migrations"."version" FROM "schema_migrations" ORDER BY "schema_migrations"."version" ASC /*application='MiApi'*/[0m
  [1m[36mActiveRecord::InternalMetadata Load (2.2ms)[0m  [1m[34mSELECT * FROM "ar_internal_metadata" WHERE "ar_internal_metadata"."key" = 'environment' ORDER BY "ar_internal_metadata"."key" ASC LIMIT 1 /*application='MiApi'*/[0m
  [1m[36mActiveRecord::SchemaMigration Load (0.8ms)[0m  [1m[34mSELECT "schema_migrations"."version" FROM "schema_migrations" ORDER BY "schema_migrations"."version" ASC /*application='MiApi'*/[0m
Migrating to CreatePersonas (20250220014026)
  [1m[36mTRANSACTION (2.6ms)[0m  [1m[35mBEGIN immediate TRANSACTION /*application='MiApi'*/[0m
  [1m[35m (7.8ms)[0m  [1m[35mCREATE TABLE "personas" ("id" integer PRIMARY KEY AUTOINCREMENT NOT NULL, "nombre" varchar, "apellido" varchar, "edad" integer, "direccion" varchar, "created_at" datetime(6) NOT NULL, "updated_at" datetime(6) NOT NULL) /*application='MiApi'*/[0m
  [1m[36mActiveRecord::SchemaMigration Create (1.3ms)[0m  [1m[32mINSERT INTO "schema_migrations" ("version") VALUES ('20250220014026') RETURNING "version" /*application='MiApi'*/[0m
  [1m[36mTRANSACTION (37.2ms)[0m  [1m[35mCOMMIT TRANSACTION /*application='MiApi'*/[0m
  [1m[36mActiveRecord::SchemaMigration Load (0.5ms)[0m  [1m[34mSELECT "schema_migrations"."version" FROM "schema_migrations" ORDER BY "schema_migrations"."version" ASC /*application='MiApi'*/[0m
  [1m[36mTRANSACTION (1.3ms)[0m  [1m[35mBEGIN immediate TRANSACTION /*application='MiApi'*/[0m
  [1m[36mPersona Create (25.4ms)[0m  [1m[32mINSERT INTO "personas" ("nombre", "apellido", "edad", "direccion", "created_at", "updated_at") VALUES ('santiago', 'zambrano', 18, 'la inmaculada', '2025-02-20 01:47:24.484634', '2025-02-20 01:47:24.484634') RETURNING "id" /*application='MiApi'*/[0m
  [1m[36mTRANSACTION (42.9ms)[0m  [1m[35mCOMMIT TRANSACTION /*application='MiApi'*/[0m
  [1m[36mPersona Load (3.4ms)[0m  [1m[34mSELECT "personas".* FROM "personas" /* loading for pp */ LIMIT 11 /*application='MiApi'*/[0m
  [1m[36mTRANSACTION (1.5ms)[0m  [1m[35mBEGIN immediate TRANSACTION /*application='MiApi'*/[0m
  [1m[36mPersona Create (3.4ms)[0m  [1m[32mINSERT INTO "personas" ("nombre", "apellido", "edad", "direccion", "created_at", "updated_at") VALUES ('david', 'izaquita', 19, 'new york', '2025-02-20 01:51:47.546386', '2025-02-20 01:51:47.546386') RETURNING "id" /*application='MiApi'*/[0m
  [1m[36mTRANSACTION (2.3ms)[0m  [1m[35mCOMMIT TRANSACTION /*application='MiApi'*/[0m
  [1m[36mPersona Load (5.7ms)[0m  [1m[34mSELECT "personas".* FROM "personas" /* loading for pp */ LIMIT 11 /*application='MiApi'*/[0m
  [1m[36mTRANSACTION (0.8ms)[0m  [1m[35mBEGIN immediate TRANSACTION /*application='MiApi'*/[0m
  [1m[36mPersona Create (3.3ms)[0m  [1m[32mINSERT INTO "personas" ("nombre", "apellido", "edad", "direccion", "created_at", "updated_at") VALUES ('juan', 'gonzalez', 20, 'las torres', '2025-02-20 01:53:40.749379', '2025-02-20 01:53:40.749379') RETURNING "id" /*application='MiApi'*/[0m
  [1m[36mTRANSACTION (3.0ms)[0m  [1m[35mCOMMIT TRANSACTION /*application='MiApi'*/[0m
  [1m[36mPersona Load (4.5ms)[0m  [1m[34mSELECT "personas".* FROM "personas" /* loading for pp */ LIMIT 11 /*application='MiApi'*/[0m
  [1m[36mTRANSACTION (3.5ms)[0m  [1m[35mBEGIN immediate TRANSACTION /*application='MiApi'*/[0m
  [1m[36mPersona Create (6.7ms)[0m  [1m[32mINSERT INTO "personas" ("nombre", "apellido", "edad", "direccion", "created_at", "updated_at") VALUES ('eduardo', 'lopez', 24, 'las lomas', '2025-02-20 01:55:47.274381', '2025-02-20 01:55:47.274381') RETURNING "id" /*application='MiApi'*/[0m
  [1m[36mTRANSACTION (3.2ms)[0m  [1m[35mCOMMIT TRANSACTION /*application='MiApi'*/[0m
  [1m[36mTRANSACTION (6.2ms)[0m  [1m[35mBEGIN immediate TRANSACTION /*application='MiApi'*/[0m
  [1m[36mPersona Create (8.0ms)[0m  [1m[32mINSERT INTO "personas" ("nombre", "apellido", "edad", "direccion", "created_at", "updated_at") VALUES ('chora', 'mesa', 15, 'lorica', '2025-02-20 01:59:46.767686', '2025-02-20 01:59:46.767686') RETURNING "id" /*application='MiApi'*/[0m
  [1m[36mTRANSACTION (3.3ms)[0m  [1m[35mCOMMIT TRANSACTION /*application='MiApi'*/[0m
  [1m[36mPersona Load (5.7ms)[0m  [1m[34mSELECT "personas".* FROM "personas" /* loading for pp */ LIMIT 11 /*application='MiApi'*/[0m
  [1m[36mTRANSACTION (3.6ms)[0m  [1m[35mBEGIN immediate TRANSACTION /*application='MiApi'*/[0m
  [1m[36mPersona Create (5.1ms)[0m  [1m[32mINSERT INTO "personas" ("nombre", "apellido", "edad", "direccion", "created_at", "updated_at") VALUES ('pacho', 'poncho', 40, 'lorenzo', '2025-02-20 02:01:53.566570', '2025-02-20 02:01:53.566570') RETURNING "id" /*application='MiApi'*/[0m
  [1m[36mTRANSACTION (2.4ms)[0m  [1m[35mCOMMIT TRANSACTION /*application='MiApi'*/[0m
  [1m[36mPersona Load (6.5ms)[0m  [1m[34mSELECT "personas".* FROM "personas" /* loading for pp */ LIMIT 11 /*application='MiApi'*/[0m
  [1m[36mPersona Load (1.7ms)[0m  [1m[34mSELECT "personas".* FROM "personas" /* loading for pp */ LIMIT 11 /*application='MiApi'*/[0m
  [1m[36mTRANSACTION (3.6ms)[0m  [1m[35mBEGIN immediate TRANSACTION /*application='MiApi'*/[0m
  [1m[36mPersona Create (5.0ms)[0m  [1m[32mINSERT INTO "personas" ("nombre", "apellido", "edad", "direccion", "created_at", "updated_at") VALUES ('lucas', 'cocodrilo', 70, 'los cusules', '2025-02-20 02:06:04.664934', '2025-02-20 02:06:04.664934') RETURNING "id" /*application='MiApi'*/[0m
  [1m[36mTRANSACTION (2.7ms)[0m  [1m[35mCOMMIT TRANSACTION /*application='MiApi'*/[0m
  [1m[36mTRANSACTION (2.1ms)[0m  [1m[35mBEGIN immediate TRANSACTION /*application='MiApi'*/[0m
  [1m[36mPersona Create (3.8ms)[0m  [1m[32mINSERT INTO "personas" ("nombre", "apellido", "edad", "direccion", "created_at", "updated_at") VALUES ('lobo', 'coro', 23, 'las moras', '2025-02-20 02:08:53.392133', '2025-02-20 02:08:53.392133') RETURNING "id" /*application='MiApi'*/[0m
  [1m[36mTRANSACTION (21.2ms)[0m  [1m[35mCOMMIT TRANSACTION /*application='MiApi'*/[0m
  [1m[36mPersona Load (3.7ms)[0m  [1m[34mSELECT "personas".* FROM "personas" /* loading for pp */ LIMIT 11 /*application='MiApi'*/[0m
  [1m[36mActiveRecord::InternalMetadata Load (12.1ms)[0m  [1m[34mSELECT * FROM "ar_internal_metadata" WHERE "ar_internal_metadata"."key" = 'environment' ORDER BY "ar_internal_metadata"."key" ASC LIMIT 1 /*application='MiApi'*/[0m
  [1m[36mActiveRecord::SchemaMigration Load (1.3ms)[0m  [1m[34mSELECT "schema_migrations"."version" FROM "schema_migrations" ORDER BY "schema_migrations"."version" ASC /*application='MiApi'*/[0m
Migrating to CreateCarros (20250220022547)
  [1m[36mTRANSACTION (0.9ms)[0m  [1m[35mBEGIN immediate TRANSACTION /*application='MiApi'*/[0m
  [1m[35m (8.5ms)[0m  [1m[35mCREATE TABLE "carros" ("id" integer PRIMARY KEY AUTOINCREMENT NOT NULL, "nombre" varchar, "modelo" varchar, "marca" varchar, "año_salida" integer, "created_at" datetime(6) NOT NULL, "updated_at" datetime(6) NOT NULL) /*application='MiApi'*/[0m
  [1m[36mActiveRecord::SchemaMigration Create (0.6ms)[0m  [1m[32mINSERT INTO "schema_migrations" ("version") VALUES ('20250220022547') RETURNING "version" /*application='MiApi'*/[0m
  [1m[36mTRANSACTION (30.0ms)[0m  [1m[35mCOMMIT TRANSACTION /*application='MiApi'*/[0m
  [1m[36mActiveRecord::SchemaMigration Load (0.5ms)[0m  [1m[34mSELECT "schema_migrations"."version" FROM "schema_migrations" ORDER BY "schema_migrations"."version" ASC /*application='MiApi'*/[0m
  [1m[36mTRANSACTION (1.7ms)[0m  [1m[35mBEGIN immediate TRANSACTION /*application='MiApi'*/[0m
  [1m[36mCarro Create (33.0ms)[0m  [1m[32mINSERT INTO "carros" ("nombre", "modelo", "marca", "año_salida", "created_at", "updated_at") VALUES ('mostaza', 'carrizal', 'toyota', 1990, '2025-02-20 02:33:29.376627', '2025-02-20 02:33:29.376627') RETURNING "id" /*application='MiApi'*/[0m
  [1m[36mTRANSACTION (38.7ms)[0m  [1m[35mCOMMIT TRANSACTION /*application='MiApi'*/[0m
  [1m[36mTRANSACTION (3.5ms)[0m  [1m[35mBEGIN immediate TRANSACTION /*application='MiApi'*/[0m
  [1m[36mCarro Create (5.6ms)[0m  [1m[32mINSERT INTO "carros" ("nombre", "modelo", "marca", "año_salida", "created_at", "updated_at") VALUES ('fortuner', 'Raptoe', 'toyota', 2040, '2025-02-20 02:36:14.966723', '2025-02-20 02:36:14.966723') RETURNING "id" /*application='MiApi'*/[0m
  [1m[36mTRANSACTION (2.5ms)[0m  [1m[35mCOMMIT TRANSACTION /*application='MiApi'*/[0m
  [1m[36mTRANSACTION (3.4ms)[0m  [1m[35mBEGIN immediate TRANSACTION /*application='MiApi'*/[0m
  [1m[36mCarro Create (5.4ms)[0m  [1m[32mINSERT INTO "carros" ("nombre", "modelo", "marca", "año_salida", "created_at", "updated_at") VALUES ('avion', 'lorica', 'subaru', 500, '2025-02-20 02:38:22.529032', '2025-02-20 02:38:22.529032') RETURNING "id" /*application='MiApi'*/[0m
  [1m[36mTRANSACTION (2.1ms)[0m  [1m[35mCOMMIT TRANSACTION /*application='MiApi'*/[0m
  [1m[36mCarro Load (159.7ms)[0m  [1m[34mSELECT "carros".* FROM "carros" /* loading for pp */ LIMIT 11 /*application='MiApi'*/[0m
  [1m[36mTRANSACTION (2.2ms)[0m  [1m[35mBEGIN immediate TRANSACTION /*application='MiApi'*/[0m
  [1m[36mCarro Create (8.1ms)[0m  [1m[32mINSERT INTO "carros" ("nombre", "modelo", "marca", "año_salida", "created_at", "updated_at") VALUES (NULL, NULL, NULL, NULL, '2025-02-20 03:29:37.186386', '2025-02-20 03:29:37.186386') RETURNING "id" /*application='MiApi'*/[0m
  [1m[36mTRANSACTION (54.5ms)[0m  [1m[35mCOMMIT TRANSACTION /*application='MiApi'*/[0m
